3 281 231 117
3 161 234 4
3 228 15 49
3 296 63 1
3 209 104 245
3 206 205 257
3 256 18 84
3 290 143 54
3 93 109 236
3 13 253 150
3 95 87 40
3 278 193 118
3 35 198 243
3 149 210 9
3 224 126 64
3 266 241 69
3 123 202 217
3 127 16 194
3 61 240 223
3 113 29 254
3 201 279 178
3 14 249 292
3 3 175 222
3 30 70 94
3 250 180 293
3 170 8 112
3 132 191 244
3 196 155 122
3 252 111 90
3 177 34 268
3 192 130 31
3 45 106 66
3 59 89 12
3 7 286 142
3 136 24 56
3 215 44 251
3 0 225 267
3 75 287 220
3 140 2 37
3 248 238 80
3 58 85 280
3 27 168 134
4 105 289 212 299
3 82 237 147
3 273 229 25
3 186 51 216
3 121 261 74
3 108 157 81
3 139 76 57
3 152 247 271
3 182 65 125
3 214 197 195
3 233 33 73
3 283 295 211
3 173 115 200
3 107 96 135
3 67 263 23
3 146 291 221
3 242 208 114
3 294 162 77
3 60 79 46
3 163 259 199
3 227 137 274
3 68 213 36
3 148 219 32
3 78 204 276
3 171 255 22
3 21 71 185
3 101 47 110
3 189 165 181
3 62 20 52
3 55 284 11
3 230 158 166
3 98 83 144
3 218 262 269
3 167 92 53
3 265 19 38
3 272 97 41
3 156 184 188
3 91 159 275
3 133 151 17
3 26 172 48
3 5 50 179
3 154 190 10
3 39 86 232
3 129 160 285
3 277 203 141
3 288 239 116
3 72 128 102
3 43 99 297
3 176 187 282
3 174 246 169
3 235 207 264
3 260 131 226
3 164 103 138
3 124 100 88
3 153 119 298
3 6 270 258
3 145 28 42
2 120 183
