25 6520 7985 2982 9733 8559 9094 296 187 5765 991 3904 5489 5257 5406 3672 2990 6591 8986 8547 6604 9748 3394 4109 971 9027
25 262 9670 7992 808 1088 8061 2961 8520 2936 2753 405 6232 7429 7185 1351 9047 4493 6112 5635 7791 1571 3036 215 3835 8712
25 9702 9105 577 5473 6942 3336 1001 2861 7949 9656 2569 9413 8325 3350 7305 2227 5220 343 1578 8632 25 1723 4186 4083 3460
25 2007 4836 447 9106 1709 4112 5249 1714 1091 3202 7659 2501 898 2092 4333 7530 8594 5576 9778 4739 1096 1180 7479 5869 7201
25 9099 2648 8718 2003 5902 3545 3486 5113 7223 2685 142 6092 8644 5939 1398 5944 4459 2044 9237 1566 4152 3872 1261 5091 4325
25 4144 3299 220 1615 6760 9704 1309 4407 4206 1719 2140 9822 3970 377 3755 4068 9365 7015 6735 9414 2930 6861 9580 1918 6023
25 7904 4772 6169 7839 2443 8237 9744 1227 1802 6123 7395 2318 6537 7527 762 5671 1883 98 2645 2867 9590 7021 6028 5526 9064
25 2343 124 2496 7117 8004 2173 167 4642 2901 2528 451 2859 3426 8080 4746 959 3753 1745 8483 7858 4170 8806 4549 436 936
25 5317 8875 4194 9128 8609 5296 8072 5599 1372 7868 6701 8362 457 2577 5300 2148 7140 9680 3004 8431 8951 695 2566 321 4285
25 4898 2090 1674 3634 2527 62 9459 933 3773 7812 7518 9280 9313 7268 2633 6682 2913 2679 5727 5333 1774 1891 4308 7766 678
25 8452 7460 2030 5808 8078 630 1228 1672 1837 9831 8039 4162 3214 7198 7565 7520 2916 495 8761 2599 1371 7070 6414 6848 8440
25 7329 731 59 7440 4763 1323 9619 359 8596 3911 2020 5673 21 5557 553 346 9635 5039 7673 9963 2746 8772 6962 1097 2206
25 6363 3347 7706 8702 2875 7654 658 3106 2406 477 7522 6521 2576 4322 3765 212 9678 420 414 2794 5502 5515 3907 5293 4233
25 5864 5419 8050 1084 2888 7328 1360 5258 9364 69 8720 5482 1042 2991 6032 6476 6903 9981 3663 8546 6388 2427 3419 4571 4164
25 2693 3126 1451 8120 7472 8971 1314 2195 2170 7865 7300 7312 4132 2997 2378 9515 1381 2515 8202 623 9460 5268 5371 1824 9752
25 1480 9407 9900 4434 6186 9184 8967 3906 1021 7638 7358 5365 4568 1492 9406 4749 7160 1316 2058 5596 8899 3260 952 5025 6670
25 5739 210 856 5892 8985 3146 6100 8409 2341 750 8883 2290 2372 61 4916 741 8288 217 2228 5050 3083 8301 1304 4024 5880
25 6072 2449 7199 6266 3601 3437 8600 2545 612 2492 178 123 1419 8470 8916 1288 646 3123 8225 6970 8832 669 5628 307 3627
25 7003 6943 107 7667 2116 9013 584 6016 6665 7957 3071 6668 6849 8523 7410 788 4631 1389 8377 6126 6111 512 6802 4775 4260
25 8606 4808 5394 7521 6065 568 5388 3960 7612 6340 1590 469 651 4367 8528 6996 9449 3227 1101 3698 9008 976 9098 7435 3184
25 7882 5755 7402 5244 2686 5581 3930 3432 8511 5401 7490 6307 2282 4486 3169 9609 4585 7367 271 7360 7014 9601 3465 6609 4956
25 8070 7341 1690 6234 1429 7952 486 3836 637 8827 2987 5871 8610 7552 3865 8633 9219 1696 7848 2219 5116 5952 2939 9858 8847
25 2298 6804 975 1967 9043 2351 7428 9303 8887 7040 2598 2666 8938 5695 5655 3264 5402 5753 5770 5928 5467 5291 2814 2516 9091
25 3905 4021 4424 1873 7017 3750 3124 8320 3009 1916 4509 1187 1013 6302 9290 1730 1205 5573 2354 1508 6188 2720 2409 2019 9572
25 7314 3365 4138 984 4538 3185 1285 3054 6035 5572 8370 3509 1342 9715 6246 736 2055 5975 6161 8439 5032 4876 3319 8888 6776
25 2491 7524 620 3109 3657 1906 1643 9705 2256 9263 4419 6560 7686 3414 2437 2643 5148 2157 499 2680 4204 36 4813 4602 2395
25 2735 1332 115 1521 662 238 4316 7454 9153 528 6923 6026 989 7660 8184 9885 7708 5568 3276 6573 1619 8169 7047 4438 4099
25 6462 8041 2933 5984 6595 8906 7850 7705 3999 2323 5364 3661 664 9980 232 5972 7398 3067 961 5814 5111 3595 8107 432 4374
25 7028 4203 9966 5155 4984 7598 6619 1510 6469 8491 6774 9079 8262 845 1393 3477 7944 6797 8735 5450 5184 2268 988 336 4157
25 881 3831 4883 3469 8684 3899 5134 745 192 8980 9927 3022 1223 4444 7107 5726 1778 1233 3031 1876 7683 7265 2756 3386 3182
25 39 816 2703 8601 7999 181 258 2349 9204 2126 1335 6717 8829 4012 4662 5543 8955 3039 3489 1483 9165 6780 2095 8223 9896
25 9509 6324 1005 2381 7941 9032 2021 3931 84 1122 4655 7946 6267 9005 6854 3723 565 8863 6643 4667 8473 3923 2285 9811 111
25 3187 1322 4983 5883 9060 7987 9953 2853 9240 8163 9260 4595 1999 2013 2211 2656 5874 7485 3587 4809 982 5007 9198 7177 5117
25 3864 9600 8903 9505 8238 310 580 8215 2847 1701 7090 8380 3584 5577 6044 7965 4063 3100 2478 4573 4113 543 8068 3825 8352
25 8038 9169 2968 5457 5011 6459 9599 8645 7208 2083 8914 340 665 861 9051 7096 1120 2012 6424 9597 7729 5857 7834 4669 9478
25 6830 168 4633 256 1055 2451 618 1128 9104 7142 5339 6375 8923 8019 8540 7588 2275 7554 4833 9161 6875 1130 7244 9207 1941
25 5437 8500 8054 6912 3028 1327 7862 8108 6756 5024 7619 385 5397 8964 1520 6991 5782 8396 6809 6634 6539 3869 9191 8867 3973
25 4998 5202 8539 9821 1548 2535 6967 4287 8462 9878 9582 5319 7863 4153 5261 9753 1575 263 3275 492 1174 7668 5343 521 839
25 6362 1858 5772 5131 4925 4439 7593 2649 3848 4288 3459 2267 8626 2393 5439 8670 9269 2650 3984 6233 5545 1283 3208 6748 3939
25 8160 2442 2413 7094 640 1195 6332 1454 3849 2487 6594 2687 3082 6881 7172 4698 8147 9139 9546 1260 2177 9865 5974 8942 7388
25 8991 8170 1331 2276 4989 6990 1697 8978 5826 2845 9232 2197 4674 7797 9859 1397 8545 2903 5850 9669 3568 5809 8336 5041 1882
25 3134 6788 7945 3018 2521 6379 8245 1252 4311 9661 8774 2050 5018 4705 1340 764 7675 6824 3619 904 5617 8529 2962 8725 7459
25 1817 5284 3242 4289 4104 1902 3615 1781 2614 1790 9230 4915 2176 8895 7907 1993 3209 7639 801 6889 3512 6782 319 3675 3107
25 3198 995 5138 1791 7814 4025 4536 5442 4391 1494 9164 6905 9111 6800 5960 1271 5418 8178 8404 5069 6487 4927 7903 6024 8611
25 4303 4184 2286 1221 7664 8430 2946 5504 813 5152 871 5749 2751 6064 965 5081 727 367 2696 3789 5608 3072 8450 1531 885
25 4996 2542 3868 4981 2540 4714 9149 3873 3087 4172 2663 5370 2765 7233 5750 673 9761 3993 6265 958 6613 8392 1928 8260 6130
25 6548 8441 1249 2035 8573 5741 847 1866 8081 226 1944 5020 3807 5430 5040 5912 8824 1947 9800 2159 9038 1457 1466 671 2459
25 8732 6108 6163 6932 4457 3160 4445 1618 6555 2089 4420 9933 3914 2483 1974 7971 4940 1324 8065 9688 6505 6327 3797 6406 180
25 9503 8216 7346 6397 1279 1998 2209 3370 5629 9815 3852 1797 7973 1201 5624 4406 8236 7690 3513 7899 945 3279 3033 9224 5579
25 9011 4151 132 6592 4552 4535 9941 2127 9955 5486 6958 4994 4937 5647 3827 8809 3995 7981 9935 8935 9762 892 9178 9174 274
25 2881 1453 9828 9906 464 8701 9226 9432 4471 5098 5429 9893 4017 6988 1282 4591 8122 4274 9908 4011 2546 3803 6373 4022 9975
25 9764 7449 5792 4529 6441 7746 1966 536 5243 804 5219 7990 7916 7950 6820 202 3445 5239 8384 5951 9342 8972 4687 9903 3639
25 7182 2638 2579 7338 4842 3934 5273 1378 8583 5246 9050 8176 93 2947 4387 7430 1651 1795 198 272 9345 7836 7062 1246 5379
25 605 4072 4395 8733 89 6189 3207 1836 175 8032 5067 229 8825 7769 6099 2818 6987 9776 8690 8884 4346 5700 6175 287 4909
25 1107 2147 6474 5589 208 9222 4064 8378 4141 3176 520 5299 6688 381 7038 5231 6020 7864 3588 2436 1684 6956 3153 7586 135
25 6834 7483 8290 1686 9090 7319 9713 2931 1463 234 57 1069 2715 8536 3254 5053 4146 6552 690 9972 5683 4432 855 9934 4213
25 2605 6578 8143 7621 9636 3440 1405 5144 5315 8388 9193 3574 8648 3549 8962 6949 8 2922 5203 7161 5790 6525 3842 8580 4140
25 6740 694 5102 5794 1143 9763 8235 7236 1192 3752 3616 341 4474 914 8368 2417 2709 1169 9940 5947 5855 7115 4622 2921 7213
25 558 4123 7550 796 9735 3088 7359 1377 924 3892 4073 9053 5958 6751 8456 3234 1551 5672 5881 8426 3759 7325 5302 8285 6157
25 2288 9750 3686 7728 3099 3405 7508 5383 460 3151 5963 7180 7191 2974 6826 966 8537 2773 3879 2595 6364 1568 8138 9795 4057
25 9624 3728 4589 6755 6524 3063 6351 6330 8557 1909 450 7611 6243 4134 4638 8697 8282 9847 2220 7932 1589 1766 4394 2734 6136
25 7476 6193 1806 8197 1000 8345 9781 9448 9872 518 6288 9417 9945 4081 9543 4428 1662 5583 1045 1094 7872 9990 2541 1344 9769
25 6382 7491 4518 5823 917 1560 8366 968 201 6168 6196 8161 6242 6280 2624 4758 8932 3854 8376 9443 4731 4315 7504 5409 6851
25 6581 8640 5853 9067 1509 5764 4510 9772 2362 7695 342 3949 538 5616 6839 4636 3674 9591 6702 316 4668 1829 1606 9093 246
25 1773 7241 1099 6840 592 7561 1004 357 7197 2064 832 2145 1779 121 5413 9102 3230 7828 5306 9861 9007 9073 7658 5831 6403
25 7280 1991 7120 9729 7248 482 8457 5630 6691 6219 2029 9852 2589 8227 8026 7539 3380 4169 9602 8141 259 268 7235 8674 3378
25 8239 4230 1692 5447 8271 7512 7103 2479 611 4490 3193 644 7781 3374 9398 7975 2904 2271 2355 3417 4345 1530 2593 9901 353
25 2204 8411 8482 4963 4077 9042 8864 5970 5800 569 8692 744 2397 1648 9882 2621 6231 1081 295 3859 6166 5420 7680 2567 2915
25 7347 3475 1860 8759 4812 9433 9453 4722 1541 2421 6695 3632 986 4973 9199 3944 8724 8968 9685 8246 7580 9210 7555 999 4007
25 7966 7563 735 1281 6662 48 706 746 3978 9323 4574 5187 7366 5077 3830 9920 7635 1368 8929 2520 1410 5058 857 3190 5232
25 3508 7930 3599 1306 7776 8698 8092 8358 1735 2878 4830 9030 7204 7634 1076 5909 8299 6660 9039 8189 284 9015 4703 3450 7748
25 5156 5511 6979 2748 818 9136 5332 1623 6443 7996 3963 5028 8159 7953 5255 6195 8685 1801 8560 6027 9049 2697 8994 269 5985
25 5763 6494 8758 7153 6174 5254 8973 2164 4933 6783 56 1194 7960 3399 1475 9031 8519 2754 2583 9874 5512 9994 4743 5703 2892
25 1721 2254 3805 9055 1614 5587 2801 6575 2882 2111 973 9402 1700 5795 9351 5 7909 7657 8599 4583 1049 383 7383 4656 7470
25 2134 2805 285 5603 49 859 1244 4732 4982 8881 3685 8181 507 7691 5931 9216 2899 1641 4715 3637 2582 411 8755 3811 8816
25 264 6192 6493 9022 5135 1673 3775 7783 3896 3114 722 1874 9293 4198 8981 1652 3822 8781 3355 2617 2251 6812 7130 213 2342
25 7373 7725 2167 6325 6226 3407 6049 2819 3971 4178 9607 5693 3746 6658 7349 6543 3988 1923 1100 7824 6357 8919 1910 870 5854
25 8464 7560 8066 7636 6401 6690 7045 1082 3505 4877 155 8113 2690 4468 4191 5783 7034 9484 7784 9471 6409 4744 3790 858 2114
25 928 1138 6285 826 1053 4641 4516 3709 3729 4666 7443 506 4114 4498 9123 179 3052 8188 3457 6862 2608 5412 2969 570 1570
25 2591 9231 2654 4794 8346 2075 3534 3793 5304 9113 9613 9273 943 2370 4652 8996 6086 7323 9282 6920 8936 9214 6038 5345 2059
25 5426 1204 1522 5372 5337 3673 930 6764 9146 9145 468 2356 4762 815 7626 1798 4576 2952 4334 2217 1241 614 5623 4059 6067
25 4924 2699 8027 8861 2237 2074 3027 8796 441 9464 1587 6866 282 9870 5205 4042 2005 7333 7102 2800 8731 6877 4887 2373 5508
25 9489 4476 4693 3170 1803 8493 9132 7286 4907 4544 5030 474 8933 2025 8693 6431 3644 467 6946 6454 9917 9095 6642 6499 8856
25 4301 3809 4046 7278 4880 6921 9842 1728 8841 8741 6180 356 406 9623 2293 8621 1447 6402 334 5979 3758 1266 8000 5022 9918
25 8721 5995 5769 8963 6789 2308 4632 9665 3294 1472 4297 6858 6844 4607 7361 6216 7557 6147 3473 3922 7308 8002 4053 3455 8497
25 4087 5757 4968 7939 9209 4604 7610 7422 1843 97 5971 2185 8218 4844 3023 6584 1898 291 1183 4215 2281 2786 1558 332 1355
25 9100 2194 4857 2346 9109 1752 6359 3953 6502 4045 4870 3231 6554 1238 5173 9426 8347 8577 2661 2799 5600 4348 552 2079 6221
25 9897 732 5560 7088 6953 2446 2829 3127 241 8076 2775 6600 1476 7955 3952 409 2178 2810 3699 9531 5563 4035 6107 5665 3421
25 5377 733 4226 227 6835 7545 7083 9383 2422 9026 8954 6847 2174 1068 8843 1175 3341 9089 4060 5344 6611 6897 7353 8602 2203
25 9444 1292 547 5680 5133 4923 4222 5399 2260 9849 9310 9521 3366 1422 7375 2305 6345 6727 99 6865 697 8166 7222 7710 5622
25 5321 7322 996 2825 9557 9583 6236 1650 2108 5366 6173 4106 4875 894 9508 7870 1844 1024 770 9561 5207 3461 5351 8310 7067
25 6724 50 5966 4130 1329 2912 9743 8571 628 8750 3763 5171 9009 6165 3084 365 8556 6284 5956 5271 3284 2234 7572 3342 9480
25 134 4517 9330 5048 6000 8624 6794 6214 7355 1539 4124 2659 7830 6223 7857 4843 5775 7856 8182 9180 8538 7733 7615 1956 5745
25 3887 9962 6599 3626 4195 6616 6014 4187 6017 1469 150 2973 8970 6124 9239 3443 8142 4088 3696 1356 3128 8261 8296 527 2296
25 2787 8739 9604 4958 9585 2412 3325 5301 1561 6251 9965 7998 9755 1114 379 3015 4957 9905 719 6455 4013 9088 4986 1664 7220
25 4532 1965 2274 4481 4266 6837 7523 4126 4787 8944 35 5109 7637 5728 2113 4102 1366 931 2331 2824 7480 3272 9606 5224 4065
25 3491 3119 6516 148 8950 7448 1165 9020 7755 8850 9771 1179 3062 2675 5010 1458 7677 8608 7826 354 33 5369 6366 4248 8567
25 2984 7411 643 7674 734 4811 3981 7716 7732 9326 5714 2592 1493 5720 8386 7807 7458 458 3418 5251 1406 6816 9774 4914 4860
25 613 5821 5662 1473 4796 6274 4557 8088 8605 3030 9356 5730 9759 6544 7399 6082 7173 6479 9929 5946 6679 4014 9048 3250 2297
25 9751 2283 1525 327 5059 8572 7352 5326 7972 5756 325 7694 7983 6673 1747 7150 5965 3401 2906 1491 7837 2870 3563 5926 8855
25 1071 5552 4299 6159 6264 5127 2883 8687 6043 5884 5118 9626 1273 5446 6260 3843 6799 6880 1861 4734 4539 7936 3481 4107 5378
25 4450 3767 4612 4644 9754 2877 6075 2910 4697 1134 5882 5381 3560 576 1197 3741 4639 6925 6394 9250 1640 8924 616 2585 963
25 1594 3371 6641 9863 6315 2404 3322 88 5586 7053 14 5754 1582 5886 6416 9281 6206 3259 1981 5506 9535 1412 1250 7169 3724
25 854 5914 9986 3077 7699 9301 9377 8819 935 8319 5003 4455 2750 7382 4569 9549 4804 1880 9647 1308 800 7684 8099 8831 4747
25 3311 2420 1507 4352 2533 8095 2795 1659 7764 9641 1294 787 1849 7258 2045 6976 3283 8174 4716 1815 4293 2435 8894 1688 3199
25 288 7605 9054 5564 4913 3323 2843 3917 3291 1274 2279 6563 1536 6870 7796 2312 6271 5773 339 9943 3003 2001 1515 8636 6381
25 3265 6807 6304 9825 6262 2131 360 3292 3725 9360 9021 2539 6269 5195 830 8435 8995 508 1534 4590 4108 6252 5786 5860 8798
25 5625 4901 2243 169 4277 789 9118 3734 1231 1506 4939 2534 3824 8031 7616 5804 8910 7408 670 5922 9395 717 3296 5218 7462
25 3962 9566 1240 4625 3174 3179 9206 8207 2364 5528 2960 6517 9346 4824 844 8960 5206 7189 143 4629 8487 5183 1383 3544 1733
25 8885 7389 2619 6980 9438 2505 9012 725 1982 8892 4160 199 7433 3155 3633 4961 6434 3726 823 3654 6200 9328 3241 2894 1307
25 129 8228 4031 948 8934 2053 4948 3779 9830 6496 6507 3761 8947 6811 4977 590 9288 3280 5897 3738 2094 9315 6148 7994 8743
25 8667 2778 3402 2601 7351 9614 9993 24 5328 7494 2475 6091 937 1461 1008 8495 4736 1785 4252 2808 2438 6629 7551 3700 4646
25 698 3926 4145 6779 4621 2941 7165 8813 5594 3624 1698 8267 8589 6377 5000 756 7810 7421 2348 2514 2506 9890 7336 4972 837
25 723 2061 4232 2336 9428 1959 8449 9703 747 9265 5935 1153 5488 4463 4096 2627 9650 779 9796 4429 2470 9429 598 2120 6511
25 1680 2367 1847 5432 6125 8096 4435 586 6983 5957 7141 2555 2233 4388 273 7803 5459 3203 751 8652 6209 8591 1980 6723 5204
25 1725 7701 8915 5356 1639 4326 7852 4609 7200 1533 9299 2071 1117 7064 1499 9024 3288 3111 4527 4781 9560 9765 5175 277 2712
25 8893 4570 2488 8226 8639 9964 9571 3770 2324 4825 8220 27 8403 8084 3448 7968 8930 3855 8931 6138 5998 1720 9922 9071 3376
25 9451 7194 7413 2796 5387 2762 8499 9504 5621 3968 196 9969 5493 6015 95 5297 9992 2970 3851 5774 4076 1962 2322 8890 6164
25 5679 2767 3810 345 9939 3423 6838 2447 554 6426 3808 7406 9403 4275 4528 7368 4411 7122 4563 1272 1786 2380 79 9555 8281
25 4029 7843 7212 3195 7765 6995 4320 2184 1148 6448 108 1671 1699 687 4470 1007 2718 1689 8807 2415 8333 1139 4272 3769 1864
25 5997 4745 2749 4594 7061 3149 9777 5460 9033 9491 9298 9537 4889 2719 2386 1862 4158 2728 5675 8719 6106 1638 8805 6395 5689
25 3705 2110 4654 299 6506 1038 162 6813 7528 6058 1828 1078 5347 5900 730 7068 8908 2979 9081 2385 1535 2345 8028 44 5466
25 1374 6069 1893 1776 7376 1111 2704 5816 8779 4270 7018 4338 3546 7855 2210 9168 2655 5717 7507 5856 3804 9156 3606 5307 1997
25 4135 9867 2935 4284 7295 8165 1095 5329 2033 1529 8344 6678 6360 3947 7369 838 2239 2149 5832 6239 4774 1449 7029 8590 8405
25 8625 30 1003 6550 9699 602 6961 1705 4950 3955 5723 5844 8793 2138 7254 5554 7927 657 5925 563 6822 1370 177 1537 7330
25 3256 4786 5492 6115 2547 760 1886 445 8187 7313 1006 8918 3080 4364 8830 3286 7356 3162 1212 7682 6671 6339 1149 8651 7759
25 3625 8005 2726 5036 3497 8878 5190 5438 5071 1113 8634 7738 7782 6004 6891 9304 6151 2745 5002 7805 5797 384 6657 2674 2102
25 631 7215 7822 9056 1104 2925 4446 2432 3975 6580 6323 3591 9973 2839 9408 5217 4969 6215 5609 6135 5651 4452 9291 1481 2761
25 6526 7306 9968 4267 9834 704 8993 2586 998 2928 5174 3032 5149 244 351 2502 4520 9928 4900 7261 1504 8094 7456 8063 5043
25 3215 1764 71 6070 6722 771 1685 3248 8714 9271 2304 2366 9350 700 1002 4335 5374 7069 8329 7224 2553 2103 7582 9951 7344
25 7196 6630 5480 1411 7052 8588 1969 2474 5661 5019 8901 9376 6825 799 7012 2085 3596 2377 9324 9524 9500 8269 6294 237 1984
25 2692 4531 8974 8630 7652 9592 2334 8158 1298 7154 9958 8574 3392 9375 9697 4899 4677 5105 4650 1387 5259 160 2477 8317 8190
25 8565 742 5976 3818 456 8479 2552 7842 7143 4658 1185 2040 8015 2833 3567 500 821 8579 3065 7147 604 5798 848 8801 2862
25 5593 5604 2948 6941 4684 2259 4974 6341 6010 4451 1354 5186 5981 8982 9679 790 5035 5529 2779 9539 3682 5537 9996 2647 1182
25 1188 8167 9327 6007 941 2188 8543 398 4253 4196 7913 7264 9598 6618 5891 8681 6122 6890 5122 6527 6509 5265 6966 3857 1749
25 619 8643 8969 6960 9732 8870 1957 4212 5924 6418 3847 6458 6790 4176 812 7578 9270 8722 701 1438 2838 1621 4290 2363 6901
25 2122 5358 3648 4040 8342 0 693 7620 4776 2303 2938 1136 1361 4235 6063 4756 1051 6845 8857 1177 4580 2067 3406 1167 2317
25 8749 4902 2428 6622 428 6666 5868 2612 1413 3901 3317 1528 6352 4080 7947 315 8421 4278 1121 8419 6728 7481 535 7377 2707
25 1545 2486 5352 2972 2626 7076 1338 1467 7281 3550 7526 9157 571 4704 7385 9197 8133 8790 4283 1267 9431 8091 6533 6732 595
25 103 3493 4841 4360 153 9187 3186 6871 9494 165 8369 8472 9519 1695 8803 6631 8709 8508 3659 3210 5820 9116 1243 7723 2949
25 8786 4330 7887 5060 9694 9936 3226 792 2550 5742 8024 2332 5355 4350 1603 3771 3688 4778 2365 2744 9363 6041 7869 8627 2078
25 3630 3598 2967 8363 9463 286 5458 956 1892 6778 564 3921 3989 51 6672 8513 6777 810 5005 7687 471 4047 4959 691 947
25 5452 921 3929 1112 5034 9558 2641 413 4896 2755 3043 2482 4347 3095 5540 3038 4680 9746 7110 1035 3669 7742 6400 1441 7604
25 4148 9070 5888 4496 2115 5277 2976 1184 6080 4903 7853 3638 4255 7214 2457 6435 8776 2797 3969 5565 3919 4097 4540 5361 114
25 7387 4514 6557 1809 2866 4361 4678 7964 3420 3920 330 9883 8387 9726 6118 4819 4390 5130 4279 1759 5256 2657 2172 4742 426
25 1666 9706 648 8206 1812 6640 556 7275 2186 5677 6828 6213 4893 3144 7219 7643 1401 6021 6501 3902 2231 6282 3900 6127 4542
25 2918 3247 5968 5934 3990 2625 2672 9137 6273 9387 7974 2556 2277 4865 5538 8059 3 9468 1210 2150 6144 9420 5276 4608 7471
25 5151 5042 7849 1164 55 4023 9092 8067 8020 5547 3687 1657 4752 9827 4676 2347 9909 2793 4784 6508 6318 9644 8399 8502 1856
25 2499 3389 1559 6504 279 4696 5535 11 2513 666 412 4171 1036 8717 1622 2841 6586 8195 597 5425 9779 7608 421 4541 8350
25 205 4976 2911 2235 9946 9783 6116 4728 8614 8468 7288 200 8433 7589 466 5160 1830 9654 5279 8766 9347 6714 8103 8265 5357
25 2959 4181 389 8821 7167 4356 1878 3583 6290 8132 9077 4219 702 2702 7229 9639 3466 5318 4286 8451 4613 891 4051 5198 9103
25 8868 3483 5404 7713 252 8400 6110 1736 9569 3652 8568 1190 5825 2953 3289 5524 4856 6763 8940 5872 3783 1588 2320 1259 7273
25 5260 4165 2169 2216 9595 6612 7101 5830 7793 9442 2526 9257 8654 3361 5686 3776 8286 3212 4413 4243 5859 2530 7493 8425 5305
25 9663 2850 8109 4912 1166 5812 7079 2618 3942 4043 7187 601 2902 4691 9631 905 1519 308 5287 8555 1196 807 5433 4785 4302
25 3828 840 221 1189 3122 5917 2631 8098 3542 8303 8780 4292 2682 2739 1763 594 7250 7540 2658 2580 7692 6449 298 7057 955
25 4647 5942 4182 6656 9820 6146 4291 716 6603 2461 1549 5280 7730 9321 5784 5454 4821 2511 7607 4801 9786 1596 133 6201 8255
25 3163 5953 5063 8808 2498 913 7584 5082 5536 5716 9542 9806 514 4543 4461 66 4771 3353 6457 890 2644 9840 1214 4737 1202
25 7892 1877 3066 1310 2837 8607 1373 1637 4066 7468 8704 5143 6853 3413 1058 7688 2660 40 6497 1717 1713 3631 3924 5263 2232
25 2863 8257 8814 3271 7534 3073 3612 4600 6576 1093 6922 2590 5903 4405 8275 2215 4273 5807 7379 915 7800 9188 4296 7016 6568
25 8048 1654 668 7886 4403 2909 7073 4867 337 5822 1080 2869 7364 487 1465 6884 1431 4168 4792 5147 3026 879 4010 4694 8443
25 1691 5961 392 1825 306 9392 2002 6819 3985 1237 1740 7727 728 8101 977 5852 9179 8413 782 9589 1479 7934 7917 5977 4469
25 2261 2804 1256 5312 7098 453 9262 4738 1295 7645 6451 9525 5288 404 5309 5253 402 6832 7257 3890 2091 1390 2885 2562 7032
25 4220 2708 2557 2374 4304 7731 7056 8629 6565 5052 7327 9080 6810 6212 9649 1710 1693 9353 3253 4759 65 3856 6346 218 9302
25 5950 7259 626 170 4790 9725 6132 3840 5185 209 2144 8117 6898 3074 6270 4926 5731 3597 4713 8420 3116 3898 3747 7544 1870
25 7205 6335 957 579 2087 5086 7292 1604 5031 7958 2886 9768 2905 8040 814 2396 511 1799 2139 8140 4599 8017 918 5654 6438
25 2382 3327 6225 5178 3191 4478 8765 7617 2200 2823 3352 9195 9066 8123 8355 23 7535 1066 223 5252 1396 484 5023 3482 7976
25 5424 9318 7011 7931 3434 8492 7225 655 5121 1868 8553 1715 5866 8385 3948 1811 5933 3826 6683 8154 9766 1676 1743 1859 9202
25 171 6485 3252 3774 2402 1724 7570 52 4679 8102 4492 1172 672 7760 3409 7851 1704 8882 1753 740 5403 6347 4166 893 9294
25 6514 8975 3737 7307 5096 3154 4814 8961 4402 4323 8823 320 3516 6210 6781 45 7885 9672 7303 6295 8100 8569 8958 8763 4692
25 5072 9325 841 8305 3372 9894 5140 2027 8647 9238 5074 4093 72 6484 8992 8412 5169 7631 6518 2137 2560 6084 3135 9289 7156
25 9447 3660 5308 9086 9430 4295 7075 17 6289 1678 7984 2106 4002 8952 8959 6300 1610 4209 6446 8566 1363 9687 661 3937 8052
25 8046 1415 4211 3360 3816 8541 3006 1748 3689 2840 382 3788 6445 1276 8136 4155 9983 5061 4919 9233 6354 9425 4587 1677 9241
25 4942 1653 6153 7149 515 3539 5062 1108 1546 8891 87 7799 6172 526 4300 1063 2783 585 4708 8613 7978 2107 2937 6361 5087
25 2112 5550 7835 3635 7792 2335 6405 9160 3245 6133 4717 9148 4341 7252 2039 2248 7035 2361 4546 9035 1208 1922 8659 8926 4062
25 6181 3877 8946 4363 5684 6601 5570 2844 2900 1601 3211 7923 3441 7217 1484 7498 4238 1602 8554 1154 3404 2872 9112 3777 102
25 9097 3239 8007 9846 1656 1290 1958 862 6895 1012 9594 7751 8517 739 8707 9959 3278 7703 763 4336 6022 8129 6734 5443 4979
25 8736 4597 1234 8544 4408 544 8074 1300 5221 7434 9982 4850 9078 8730 7778 6279 3282 185 1734 6061 8949 8777 2929 5806 8925
25 6689 427 2811 835 174 867 4028 2098 772 7982 7649 1682 7218 6850 6298 3511 7112 2770 96 6715 1230 5656 8367 248 5574
25 6935 1315 1912 8653 9574 8848 8688 322 6841 7714 9380 7802 8219 8340 5250 9249 6999 3581 5070 5033 1347 5562 26 6817 2772
25 6102 7897 3388 3430 2201 5311 3580 9072 5525 755 9666 7469 4095 2081 8224 6259 5762 3304 8912 2691 6097 5879 3561 9728 4501
25 380 5500 9295 9957 3812 5534 139 3641 2403 3474 8424 6198 1311 255 8752 1631 4685 5194 6237 2864 3679 9875 5718 4822 1059
25 1586 6545 6745 7139 7171 7627 6736 1854 712 6873 1756 9348 2998 5606 7499 3531 4797 9368 8298 6109 3470 4964 9978 9793 120
25 2379 4951 4562 2493 3642 1996 2988 1598 6077 9544 8612 4268 1511 3183 2927 2339 1037 4090 8295 8312 4832 8869 7629 6103 7465
25 3749 6933 5785 1788 9393 2880 5146 8273 5799 4815 7397 6704 1280 6519 9016 3958 3572 6515 6062 7418 3636 4217 4718 1364 8927
25 1816 9309 3168 5088 2097 4619 7861 3586 3645 6413 8582 781 2827 2816 8055 260 4276 3983 2249 4466 323 5123 9977 3364 1115
25 3061 6646 7148 8445 9258 5513 2031 503 9567 2192 4584 7641 3451 683 7025 425 6194 5079 757 9332 4578 721 5029 3578 4993
25 2512 8186 1224 6477 3523 7427 8879 6322 4231 8247 9287 4089 3885 7283 889 8414 5598 7082 491 5051 3385 462 899 9671 3714
25 2272 8417 8164 5408 6129 3557 5530 7795 8514 8110 8791 1628 9422 6442 9192 5085 3850 1961 7514 7063 9691 5751 1437 660 4084
25 5619 8446 1102 3138 8637 8715 443 1015 3829 233 6900 7844 9593 3997 9724 1254 5410 7463 3946 9186 4930 1703 596 4879 2955
25 2242 2142 4777 4853 9344 2240 2384 5463 9533 6951 6632 7777 910 9419 9912 7159 7432 6085 6654 6286 3871 4185 970 5817 3964
25 7970 5472 8126 9108 985 8778 2640 6938 6869 2993 3458 3125 9467 5181 7576 3954 4254 2450 8849 1960 8042 9932 5569 4511 9879
25 9944 7318 5049 7599 8180 6369 4782 4935 5158 4753 7569 3711 9839 5803 7026 4120 4953 2897 9228 6387 5228 6944 2401 7739 318
25 8244 5988 4885 4041 7749 193 2634 1496 9189 4079 562 2919 1994 7506 9084 6440 5901 7548 6367 6959 5124 3715 368 4945 4044
25 2344 692 1881 6074 8800 4894 7648 9707 53 2369 4246 8467 1839 3566 9124 7423 2807 1946 5227 9223 6894 5373 1065 909 4018
25 8124 3670 2225 6425 1391 5702 5497 523 7977 5415 9914 1442 2760 5017 6767 401 1444 32 2023 1760 2717 2986 6478 5555 7656
25 3090 9329 38 3047 715 4207 1278 5668 4192 1087 4598 8112 8747 2068 7891 8203 5201 6139 4519 9254 8941 3375 8069 8194 479
25 5505 176 2000 2350 6937 1235 3806 430 247 3559 797 92 418 8438 7183 2270 8185 2190 4960 2676 2036 2383 8484 7840 3356
25 8402 1416 2966 2306 4370 7151 927 9904 1318 522 5324 3270 7260 2179 3565 1417 4202 9096 7786 6018 4358 1895 5724 1627 1911
25 2198 442 488 5197 1526 5541 2314 852 9720 6393 5842 5889 7232 7537 2353 4854 7816 8603 4454 9976 3235 759 7114 7077 7785
25 3117 3395 4480 444 5705 8619 8795 3273 9434 8233 888 3951 1569 1452 216 9603 944 2416 3177 8866 1020 3994 1782 9802 1403
25 3173 4660 4019 3870 2088 2394 7566 6930 2842 9889 8205 281 3553 8804 8011 5223 5476 1950 3987 5595 2889 5509 5170 9316 5180
25 5481 7184 5341 9386 7066 2241 7272 6167 78 1062 636 376 9203 7363 1512 2096 3307 4663 3157 9002 3814 4129 2208 3658 4905
25 1572 5112 4224 7240 1729 6503 8509 4318 8673 8428 1200 4050 3293 5094 5843 9514 6312 8242 7473 1669 4817 7967 3314 8252 9659
25 7293 5697 4688 8266 7509 5938 4783 3098 5834 8713 8860 131 718 8023 3604 4770 9037 5649 5298 9361 7030 1133 4910 1198 373
25 1286 5436 195 9645 2302 3001 8664 6587 2732 1490 8393 8090 1702 784 5779 2407 7662 4695 7237 2423 2359 7451 1145 3357 4009
25 1119 2128 2490 9133 7297 2826 9855 873 6319 5348 3142 8253 4427 972 8740 5168 9308 3537 7050 1867 9868 1400 2860 6730 9995
25 8745 6078 6645 211 6855 7116 2065 7138 5887 4823 883 6101 8044 9379 2430 9082 9371 2711 4741 7513 3329 1118 7888 5937 6974
25 8762 3229 184 3956 5132 5653 3328 1083 806 3976 1334 4016 8293 3821 9902 8668 653 4377 9131 4061 3668 5233 1284 4105 6156
25 6145 3683 5691 3600 3718 5676 4400 4623 2463 8828 2391 1219 9359 2532 9562 4410 990 9284 4038 5235 8686 3244 8921 7243 9019
25 4735 8494 364 5272 9151 4614 791 6368 2887 6684 8518 1751 4244 7698 9405 1518 1595 3021 4799 3035 9497 2129 6919 5906 3495
25 6012 2082 2629 1487 4131 1386 3707 4086 3832 7532 2313 1073 7175 6562 7436 567 75 3464 6913 4675 7274 8240 1938 1471 435
25 1486 6896 2455 8321 9625 6985 3736 4175 7516 1926 6886 1098 9526 6202 9354 8844 3222 4908 5390 3925 6053 2683 8280 1804 875
25 6480 6314 2945 9194 3379 4397 1297 1217 6739 5692 2497 9738 5986 6588 4100 2433 1750 1229 1160 9388 786 9150 2574 7396 8754
25 2119 2571 7221 6204 6625 8294 4793 7206 6610 3837 5496 5949 6137 8943 4091 3152 4055 4980 6775 8552 703 4504 5427 9734 7547
25 946 674 6003 6305 994 7299 3895 31 1831 2337 6743 4262 275 9999 1328 5275 5660 3308 7497 9286 8082 6647 1767 1771 3577
25 654 4119 7719 5911 4329 5359 7202 1054 67 851 8966 6104 3471 632 6577 624 1399 1794 7245 5213 9045 2466 8760 4648 4863
25 2806 6993 8465 969 531 1875 2070 5894 3867 4727 679 1841 1826 3400 4711 5346 6624 8337 7876 1645 5444 7444 1489 3102 3739
25 2978 3977 4997 2519 4380 472 5386 10 110 652 9059 1742 3676 7488 1807 3927 5788 3813 2584 7758 138 3875 5516 366 1547
25 4884 4581 2705 2628 1156 4928 3320 3262 4628 7400 639 4173 1983 591 6746 4556 4827 9791 7773 5615 1694 7262 3324 2481 4690
25 2741 5214 9947 4755 7860 9911 3439 3760 9921 3096 5592 4888 6605 1142 5056 1738 161 656 3590 4487 8049 130 4008 8575 9790
25 4163 1178 1949 3446 4726 8476 3049 1353 151 6538 4036 2725 1819 1543 5216 1394 3838 2611 2561 9817 5839 9322 8030 6468 3538
25 5895 1450 4861 7271 2896 5283 3935 8398 2046 4313 1896 5838 3540 6994 5021 4839 8057 2834 5470 2610 5395 8957 6490 5916 3410
25 9788 4828 1834 4371 5245 6463 4700 4805 2924 5548 2165 3883 9937 3093 1317 9501 2563 6328 6117 6429 6143 8900 9970 675 437
25 4460 7937 7579 5391 6566 2411 1163 2651 1191 6303 2879 1741 3748 9723 872 8254 235 2564 6257 8797 7756 9628 3863 1900 1901
25 448 7597 2549 6320 798 1744 2518 4990 4719 1865 1258 6754 8093 8835 1293 4412 8083 8751 4858 2196 5367 3463 7321 7474 7060
25 2522 7157 4640 3894 8858 8662 3507 4396 8243 1573 3453 5054 6744 362 3666 9085 90 183 3525 2485 9320 5270 8134 6532 6205
25 7798 3384 7256 9041 5913 5179 6908 68 3974 2740 1029 9690 8168 8920 5435 8463 9421 9004 1303 5464 8859 4670 9163 7005 2667
25 3330 939 9469 8162 9170 7954 3333 533 1388 3492 9961 191 6191 5767 6337 2042 8111 8339 9915 5182 2104 532 2852 8053 566
25 3548 3433 9689 6079 2508 9292 16 3340 2503 2500 8840 3431 8183 8558 3058 5262 5407 6089 416 2570 9121 3396 2309 5167 4653
25 3982 795 9355 7665 4365 85 9472 2441 4681 5199 5274 3476 9211 9638 4721 777 9062 5810 3334 2472 3335 4137 283 230 8241
25 9967 5744 5323 4970 5878 2983 3502 7001 9876 5330 2759 2573 2368 6653 2893 8047 6348 1345 711 2636 4458 9809 912 3794 901
25 3206 1935 688 251 8911 9462 8646 8597 8729 4988 625 9632 4020 3772 8474 8615 8453 5561 9886 3740 5734 266 3967 5398 2100
25 3940 509 923 7291 9040 4337 6211 5740 1789 8014 3037 4992 2835 9758 4816 8512 6217 1563 454 7502 6535 7912 2072 2006 6331
25 5674 2236 1060 9741 7247 1818 9843 3876 2873 3866 9838 3680 8845 4115 6652 7679 5518 737 6867 7270 4491 2606 70 2874 4078
25 19 3120 4579 2670 4567 7871 5353 5101 3050 5715 707 311 9642 410 4116 1220 4954 5519 2964 3454 8232 4133 7707 1027 387
25 1554 6952 1326 9311 3243 9190 5006 3218 5114 6033 504 9823 8085 7007 9416 7574 1872 8726 1312 1562 6170 5631 58 9907 1770
25 1908 417 5474 489 8013 4382 4917 9971 3017 9436 1940 1176 3216 5732 5845 4523 6060 9924 423 1044 7302 2671 9695 3266 3893
25 8353 1222 3522 960 4324 7290 7415 4085 9208 5314 189 9006 2252 6637 7287 1840 9884 9065 9660 7503 4197 3677 1072 5336 9450
25 1155 7253 5748 5209 753 9483 5384 5743 615 1074 7841 7747 6176 6758 7866 7961 8229 7065 7048 7091 7365 7564 9200 5166 9227
25 4340 9518 878 370 4616 8818 2985 485 4800 1904 9548 9068 9668 5607 5316 4205 1814 5047 6918 8268 4241 7780 8056 7768 8542
25 7501 1125 7371 9457 7332 34 773 1670 8526 5618 3008 6241 83 8642 5423 498 1126 2440 8837 6374 7935 8631 3318 7715 1924
25 7181 887 849 8836 9482 4179 9923 6087 4618 4904 2004 3731 7914 3780 4143 7450 6399 8902 5737 7304 4835 7426 3343 9873 6308
25 938 1257 2752 1668 4503 2408 6358 5484 473 4871 5905 9520 1992 9010 3349 7455 1409 3224 5867 1014 9740 207 4507 8953 8532
25 3139 7168 3263 1268 2858 3888 9138 4834 8746 7890 8618 3541 8406 6698 1635 4859 8217 5045 6083 7919 4103 344 1903 8292 3936
25 3091 4712 5471 2226 5405 206 2223 7378 2452 76 8264 5520 1787 314 4 3040 2414 3046 663 5612 5930 5485 1963 5761 8871
25 4575 2763 7874 8036 1584 6796 7721 8563 5157 7831 8349 4369 8429 154 4707 3042 6483 7131 4307 8939 1079 5791 2034 6179 3800
25 1989 4848 863 3552 7466 2229 3287 5461 9913 3181 5685 4730 9895 424 4332 1432 6969 8873 9255 8001 22 7775 9373 7166 8897
25 9586 3796 2315 2926 6718 6316 9693 6904 7609 8135 8379 7767 3472 9617 3671 7622 6235 3145 8397 6436 4634 9115 6182 827 7779
25 6792 242 5637 6006 9415 6686 9798 2187 1253 4720 6001 1455 8524 8665 2043 5517 1263 9305 2821 8826 1707 4431 724 4418 2221
25 7787 4167 119 7647 9307 5163 5896 5627 4665 3966 1783 7543 3442 8641 7804 7193 6255 1863 7391 609 942 1026 6488 1110 7988
25 8016 7071 9126 2123 2265 3629 3992 5721 5813 6639 4327 4701 1919 6355 951 5582 6978 6071 1407 4401 7825 9275 6731 3768 2224
25 9455 8277 6250 490 3933 3029 7282 3223 5605 3762 6842 7158 6498 3020 932 4626 6818 8389 545 4353 9201 6928 3381 1833 6114
25 7105 2193 2018 2891 1990 6453 5295 8812 6034 7452 73 6874 9205 8313 3510 2109 9367 5139 5789 606 1017 9564 869 5993 2333
25 7345 6523 7986 5650 820 4773 3506 3237 9352 9698 5015 3621 4767 5704 372 3605 3651 1199 593 9498 9334 186 159 7573 2161
25 6729 1553 5292 6964 7829 3664 7632 6541 4484 6927 459 8145 6149 7827 3416 1532 3886 1456 9510 7510 8073 9397 7324 9985 3594
25 1823 7922 2689 8998 5959 934 4761 7771 3300 2525 2940 3650 6620 1616 6852 2358 5456 6626 8481 8521 3532 7567 7592 2776 6888
25 2289 8034 9824 2769 3305 9646 8965 2166 4892 6090 2264 681 1567 1550 4056 480 8522 5920 4764 3692 6815 633 4748 3390 2263
25 6495 2047 9279 358 866 9836 7238 9496 278 7505 1239 1646 6456 3217 1577 1964 1888 6805 9000 1018 2257 9998 1890 8157 5522
25 7394 4852 2529 9513 6669 574 9700 6088 5380 1917 7072 3204 6606 1384 696 2340 2817 5585 621 2536 9385 2390 7132 6685 9756
25 8525 5713 1269 9559 2426 5349 7538 4788 6582 267 1369 7477 3996 3220 8304 2011 5445 9810 8173 9076 3424 5099 7137 8820 9584
25 8156 9674 1517 4978 5967 926 4548 4355 1667 2388 1555 524 5208 2890 7991 1247 2731 7289 4125 3060 1855 8201 7453 4837 8144
25 5626 8658 3602 63 1427 6398 6396 7895 6762 4242 4768 916 6220 2981 3205 4442 5073 100 8383 5865 5699 2280 5320 7013 6753
25 5664 3013 1634 4183 5781 8874 7374 4037 481 363 8139 1380 6258 152 5962 4240 7606 3938 7 3436 4259 6390 374 7162 3784
25 9979 1846 3467 2669 7630 2596 400 5027 245 1428 537 2026 9640 4525 2278 4920 5411 4559 4404 7879 7135 2405 4967 7475 8208
25 4572 7689 3529 6464 5095 173 2815 4339 3833 9826 9575 4725 42 7910 2836 9063 3069 475 8371 9553 5334 7348 1585 2865 5026
25 1433 5382 28 5780 8753 5200 5642 3518 831 9391 7087 5119 7339 2742 9404 2 5385 158 7350 997 8214 5400 7819 2665 4409
25 3310 9244 2868 7603 3346 5289 1445 1951 3798 2677 7447 440 7242 1040 6808 8454 9512 7918 5129 2635 2738 8501 2706 497 9731
25 6491 8010 7815 8663 5701 8833 4551 91 9605 324 3957 9573 529 4422 6931 3197 3519 8561 5230 2329 9717 6699 4846 1775 7735
25 1934 3703 4001 8045 3261 2781 4751 1157 9991 1144 1379 5153 953 6421 2788 6472 817 6708 2780 5645 8977 9399 5012 2245 3290
25 4872 4094 7392 7993 7867 9401 7380 1085 7078 4257 4110 3485 5176 2854 689 439 1632 3137 5241 897 7889 1626 6039 3025 5264
25 8458 5885 525 4269 9440 2975 8423 2846 3909 5465 1827 6614 9366 3575 6407 1583 5014 7121 9502 5477 6419 7726 8695 2168 6710
25 8784 2544 5948 9374 1663 5632 8578 7813 9152 8437 7362 5829 270 431 9565 5093 104 1392 7788 3221 8773 5226 4818 4075 896
25 9144 9333 5633 4372 7294 2957 729 3332 5747 829 5819 9252 548 1850 5907 3880 8075 8945 5487 2238 2143 47 1564 6208 1109
25 2646 9568 1203 7559 7145 906 6906 8620 7279 6190 9848 4864 6741 9400 371 3011 2473 3159 9306 8212 1711 6120 7370 4661 9362
25 7228 8838 9314 5546 9134 7043 6766 4615 9835 1033 9213 7495 9427 1395 5009 6030 429 1019 6417 9242 974 7058 5904 9470 9317
25 6 2181 2022 6696 7089 7093 6971 1277 4229 1477 9125 7393 5994 5667 2434 2328 8854 8896 6757 2448 1262 7517 7655 6681 3377
25 4127 6333 9588 8889 2189 3189 5108 1061 8332 4886 9479 7296 9797 3979 3312 2133 1352 9349 2615 2360 8917 7416 7484 5861 7357
25 7487 1617 1043 3912 7441 1382 2504 8928 920 8324 8533 4188 4897 5990 9554 2543 2908 3057 7529 1822 4437 9528 5556 9856 1357
25 3337 9487 7127 8564 6636 5441 8598 8876 1103 9736 3075 2073 949 8327 2581 6703 1716 6183 5350 9681 7963 2700 1299 3576 6721
25 1270 2662 1057 4611 6546 8471 3150 4891 6759 1758 5191 7685 2014 9851 3165 5090 7010 1884 6574 3706 8679 3348 6939 5107 3787
25 4944 6228 2258 9488 6412 8418 9358 641 3490 1032 4049 4006 502 846 6750 9382 4282 4855 4826 4849 7763 6385 1516 8585 6769
25 8785 3743 8410 6301 4515 4795 7163 1077 4154 8338 1927 7125 2084 4534 3727 2299 5342 1565 6427 4180 6275 9930 1972 9942 2489
25 1367 9925 7926 1851 2202 9532 2963 1952 9268 4710 6879 8815 714 118 7081 5097 629 2180 4606 9910 7023 6997 5566 5376 3693
25 4249 2537 433 2942 5801 3393 7126 6229 7808 8846 5237 9718 8531 7409 2464 4200 1497 3585 9608 5225 5533 9267 6633 4426 2357
25 6470 4245 7404 4111 7170 9516 8089 3363 1737 2681 3422 5793 6036 8309 3704 4128 8817 1557 20 2010 2729 608 5752 8012 2934
25 1459 8595 3766 5327 3079 1853 9596 7583 7624 4005 7718 6733 8498 9410 8734 8689 2319 7720 1330 331 3643 7602 6052 7246 5267
25 5044 4376 1580 3695 2792 5634 5449 7700 7519 1757 8314 3782 3258 3321 9044 6128 4766 1921 140 1772 5571 4911 8351 5539 4228
25 5694 1048 5641 3691 3802 7209 6615 8989 4862 2730 4866 4565 6439 4417 6694 8361 5666 9 1820 8210 8356 4174 7693 9629 9622
25 7653 5416 2588 2250 1796 1016 8006 8700 1011 6593 5282 4723 627 6008 3331 6814 8788 9411 3076 5189 4941 9162 7628 6437 710
25 3980 5510 3236 1348 1124 5128 3427 7039 9517 9264 5455 1600 3517 1168 190 6558 4393 1665 9577 9452 2321 4098 7054 8649 8372
25 7431 9627 7704 7439 9803 5815 5681 9523 7878 8137 8148 1848 6784 6833 452 1226 1777 8510 8348 3527 8116 1435 8669 8259 6465
25 7438 3268 2950 5080 2454 8200 6378 587 8360 9818 4067 6510 7123 9634 4261 6276 2914 3945 2857 386 834 4139 2218 6263 5242
25 8272 9235 1976 3478 1474 7095 2132 9782 9389 9461 2151 6868 5827 3959 7646 1925 302 8306 3496 1050 5983 5575 86 8315 7549
25 2517 8852 4485 749 9435 7407 8064 1129 5678 1161 8401 6162 2273 7696 6561 4637 7770 9522 9547 7591 393 7315 1337 9283 7390
25 2721 3000 4971 1611 1359 1986 5142 6856 1141 7613 8364 2124 9341 6404 7489 7669 8316 3121 1089 940 7979 555 7049 2510 7594
25 9814 1158 2295 4791 1207 836 5669 874 3298 3610 7823 3249 1039 9343 4227 530 8051 4596 8506 8490 4561 9236 5636 3874 3449
25 7285 8291 2848 824 7486 7386 2156 5542 6635 5580 3556 2153 2923 3081 1726 6336 908 5165 2063 4069 7956 8442 6761 6984 8119
25 1975 2117 149 9266 3391 5354 8151 776 3861 313 8628 2024 5453 2609 7614 1988 219 4699 5507 8656 4873 4264 5115 2052 8775
25 9648 5046 9651 5941 3897 6914 4494 5065 5876 6992 9888 1420 1746 4882 5698 3908 7207 981 1712 5638 3397 5125 2389 4477 5873
25 964 9473 7893 2136 5103 7734 9221 4780 9709 9833 5614 5234 9850 9877 6628 1305 2523 4769 7384 290 6803 1418 5451 250 9716
25 8655 2069 4635 5001 5719 2607 8475 3041 980 3267 3140 2944 7092 1423 5004 3716 9215 2766 3841 5285 4588 8196 1970 7750 9987
25 825 2077 8025 8504 8727 1879 8694 8799 2565 2445 4475 5840 5495 329 2632 3411 8427 2716 7571 919 5269 8062 8276 4258 9816
25 3359 7809 4965 7420 7546 6569 8071 5475 7002 2572 6977 2158 8270 6542 6697 1835 1936 850 4030 7033 5215 113 1838 8794 6113
25 6902 4362 9767 3019 9141 9297 2531 9114 551 4159 9988 8696 3702 9974 8365 9465 3589 6924 3016 7859 6936 6121 6392 6899 8723
25 7711 6786 3655 2849 2066 7203 9175 4868 4214 7128 5064 4004 903 6317 6383 5266 2392 9046 5943 9127 7618 2737 7600 4729 7670
25 54 8003 5989 3447 6583 5597 3562 6326 9173 7898 2008 5126 8447 5498 6551 7902 4142 9423 3717 3002 12 4943 6025 2884 6712
25 9880 8115 7419 3735 5837 5089 803 9552 4686 8913 146 3611 2262 9727 64 8149 1754 7989 7276 8192 3452 7055 9860 4015 5824
25 8251 3504 1932 3415 15 3232 1313 1495 2831 449 7108 2678 9954 5531 9259 3667 4560 6356 3200 7585 4929 546 9087 5996 3367
25 9220 4309 9454 1953 4161 254 6725 9474 7372 7118 3786 4384 6726 4709 8231 349 6155 3368 127 5331 3344 4263 3620 6549 9143
25 3801 7741 1092 1028 8234 9107 2653 9217 6676 2376 7880 2462 7553 326 8105 4672 4620 9643 3603 9445 3285 8638 6158 9866 5706
25 6621 4218 1146 589 1319 864 4239 1613 4265 7036 470 4702 5558 2724 3438 2398 7790 7461 9841 7266 3530 6644 3498 3133 2017
25 5490 5833 8058 2456 394 3745 3180 4555 8127 1800 5462 9792 7709 8839 6649 4399 9630 1636 7080 4415 8570 438 7601 6623 328
25 164 5172 3141 122 8009 378 8289 7884 3297 8587 8172 1173 4101 6037 309 2602 6338 7556 6791 4305 4798 6771 1985 4312 3129
25 1216 8767 1291 7216 2287 8283 6878 41 4521 4216 9390 4414 8258 7558 1464 7255 3681 7227 768 7401 5849 1574 649 5161 5196
25 4810 1722 166 7111 6500 783 7442 7752 9938 2458 1937 6287 6218 4649 1523 2060 7027 3665 7129 3853 2851 7445 6787 4627 4838
25 4054 1661 6859 7277 5987 2175 9563 967 5075 561 2080 3326 3175 1385 3301 9956 9418 1159 7037 5494 560 3428 4530 4199 8703
25 6131 9960 3503 5013 6411 7019 1979 240 6066 8308 3910 6292 2476 6249 9534 647 2943 2471 144 4190 8706 4851 5222 5137 2630
25 6365 9686 6245 6460 3860 6948 6011 4522 8768 582 388 2141 3520 9003 6926 1034 4366 7414 9832 1402 9370 5722 9384 542 4314
25 3213 4447 2049 7820 6638 8179 2694 3303 5110 6528 3570 6747 7106 2809 7938 5591 9749 3131 7681 9721 748 9538 1090 7041 1871
25 7133 7320 534 7179 4357 5805 6160 6773 7331 9122 4765 9576 493 434 1264 6940 7006 5440 5281 8390 8375 8256 7911 802 391
25 7536 8318 2121 4247 9336 1150 5999 5746 3192 3819 708 1687 1009 3889 5918 6947 9770 7774 9785 7832 9683 338 5828 822 2162
25 8683 4250 2994 8469 720 4032 7943 6283 8416 8422 1245 5177 505 8680 3147 9337 6238 5211 2028 4558 9556 4033 922 1731 9984
25 9158 5192 194 5100 3110 478 9456 4026 6965 581 5212 3823 6821 2495 2790 7577 9804 2822 9787 7962 9931 4456 4256 8263 1498
25 9780 8106 785 3662 2575 1358 6466 463 4071 2300 8586 4223 8937 1251 7702 3480 1193 4440 6422 9110 8769 80 2876 8604 2135
25 9657 6752 8191 5120 8118 5338 4593 8503 9025 7581 350 5643 399 3744 3148 3412 3533 2995 5448 572 7525 29 3398 578 4122
25 7267 2284 5778 4294 1443 9285 5932 3799 7099 1132 6883 6376 3143 1501 1448 9075 6531 1591 3012 8987 6806 1147 828 7995 7424
25 1215 7921 9225 1762 7335 375 5084 3778 3178 7164 9545 6031 6297 7754 4483 607 3521 5771 1430 3101 1612 2076 7925 3108 3228
25 2316 3607 1897 1439 8079 9784 3528 902 811 6268 9253 7900 7590 8527 9667 4508 9652 778 6667 4512 4505 5929 13 7801 3573
25 3721 9492 6253 3500 7877 2600 9378 172 4890 5066 2597 1805 4472 5663 6094 3986 1914 2399 9615 145 9475 3756 9711 6051 1739
25 6055 6105 3712 8097 5802 2695 7562 5068 5652 7174 7633 1162 3274 9369 6749 4467 5910 4513 1885 599 1544 7894 9710 348 3044
25 6281 6571 3468 5055 2713 4803 2041 5188 9172 6150 8622 9439 3316 5193 7152 1655 3403 9357 2182 7446 9424 5038 3713 9409 550
25 4673 3059 6559 4499 7024 8661 2977 3435 390 7757 9017 7531 7794 6892 9339 2125 7343 3313 7666 6140 496 9029 6185 6076 9621
25 6353 8087 8548 5862 5325 6887 4375 3156 3526 8121 1708 3053 494 8307 6768 7568 4760 4462 5322 9682 6882 6134 877 8584 7541
25 539 3354 610 6433 407 5736 1660 8617 8515 2301 3172 8033 9701 2855 3791 5544 794 2971 7901 7676 3845 929 5973 7596 9745
25 355 4342 403 2785 3582 4343 9578 843 3820 2266 3306 600 4603 6046 1968 7340 7084 7190 147 7425 2784 5567 303 9853 9673
25 3795 6467 5777 6772 6986 8691 9637 6068 5362 1625 9229 1905 6713 4416 4881 3972 1025 6048 1248 8391 9747 6909 6998 125 6344
25 7146 907 8877 7737 682 6380 9493 8250 2812 2820 3309 979 6073 9854 333 2932 4906 805 2757 8505 37 5422 7051 7226 8331
25 8395 8152 9551 8279 6293 8699 9120 1978 1644 6648 7478 4757 4922 3240 8770 5863 4878 9805 6597 1599 635 2559 1943 4482 713
25 5908 6917 5141 4564 4840 1608 8209 2956 761 8956 992 2509 1933 3571 6989 1275 2484 9119 5431 2016 8682 8756 1889 8984 253
25 3515 8274 1942 1552 9862 8853 7249 3225 6687 9276 5521 4378 335 4136 6187 4779 4368 2895 2538 9135 9183 8834 3834 638 8043
25 3694 6154 5927 5210 5303 4664 6343 3005 6590 6178 9989 109 5738 5145 4506 5640 5421 7326 2871 2375 3913 9892 6876 6785 1556
25 204 4488 1135 3246 8486 2620 8394 7745 128 9274 1022 4921 9926 9730 8909 2954 1907 1540 6798 2791 8287 1581 7948 7492 8757
25 396 2714 228 3194 1365 8635 9950 1948 1336 676 2639 6492 6432 249 2038 4441 9773 1527 6572 3171 9511 3358 8677 1211 3916
25 4074 5940 8408 236 5238 3722 8865 1131 1236 5602 1899 2524 5768 667 3628 163 6680 6042 6420 1333 8022 5313 4831 3991 4975
25 9919 1010 9485 5690 9676 9331 5708 8550 239 1675 6693 9486 5523 860 2205 6893 7818 8787 7284 7575 9159 9490 8480 7661 9248
25 446 1930 5954 6982 1106 6311 6152 8862 9692 4955 6256 726 6081 2418 2642 6486 4497 1609 3429 3201 9536 3196 3302 4328 5945
25 7833 5150 7178 369 2325 9618 3387 9507 6254 8341 2468 4610 5923 6119 3878 4605 573 3915 4733 8904 7317 1929 6310 1592 7234
25 4624 685 6430 7097 3623 7176 8872 9171 3257 5578 6184 775 9506 74 3277 983 8907 9857 5846 5992 1768 4874 5836 8744 9061
25 4189 1576 2777 9708 622 4052 225 7251 9069 6934 853 7875 8018 4425 2616 2311 3815 2054 5016 4210 6475 8373 882 8171 7381
25 9742 7806 8328 257 1341 2664 7623 9312 8792 6602 6296 4433 5037 3617 1425 603 8764 2253 4331 5162 3862 5584 4643 8146 6299
25 9540 4949 1706 3656 1647 276 8029 6384 4553 6705 3112 8822 7437 8922 4500 7334 7969 5286 9722 8297 6203 4991 117 1658 4359
25 5758 3719 7316 3097 2048 954 2105 2051 5428 7642 1116 6843 2062 3961 7022 7119 6334 6247 2291 1769 1105 9550 1030 9799 7761
25 8150 2898 6950 8657 6608 4398 3593 9530 7924 6522 519 5104 77 9610 3514 4479 9864 415 231 60 5796 5468 7881 752 2907
25 8248 214 3382 2431 2244 3697 7188 1869 9074 7640 9155 9166 6047 6244 347 8708 6452 4683 575 557 4156 7298 5760 677 9789
25 461 1086 868 5414 9140 2558 5707 2832 4934 9101 6342 1067 7854 8576 6719 7511 7847 925 9696 2996 1630 116 5340 9658 9083
25 5136 3608 7113 1440 9813 4938 4003 6098 7482 6910 5335 4281 5733 455 5648 3690 5479 6313 7269 2467 7059 6650 6054 3535 1920
25 7817 3701 2782 8562 4383 197 6350 4373 8125 6968 4645 1320 4947 8382 5835 5076 2701 886 3479 9871 7883 8177 476 3614 4070
25 6207 6349 3281 5729 141 6955 9052 8782 8222 4430 6321 7000 6040 7192 4931 8354 8448 5978 9185 4310 2917 684 3233 1813 2727
25 2269 3487 5590 2130 7417 6864 7104 7231 8593 4577 1404 3070 4601 6224 7403 1206 7951 2199 2622 9018 4280 7671 2551 2032 2146
25 6530 8357 9272 2152 2999 292 3554 5670 1127 9319 4117 1810 6975 3089 408 2480 3710 3425 2429 6675 8211 6471 6410 9714 3010
25 3733 7846 4000 7186 7195 4932 5164 1913 4150 510 8711 4449 4524 8326 6197 3113 754 6553 4464 1842 8300 1679 5710 6846 7959
25 5898 1289 7354 6709 8738 8008 9477 1152 8789 6556 3579 1894 6059 978 4379 9587 2118 2371 2587 4829 7762 1482 8459 3918 9142
25 4298 5659 6444 8444 6386 2813 9023 2387 395 1514 4547 4651 2057 9495 549 137 9616 8802 3858 3764 1346 2183 6009 6547 3564
25 81 8204 3965 4554 1181 8516 8193 9154 8077 5982 7337 9296 8810 9760 1542 8302 7210 5553 6529 7724 6002 3345 8551 5092 6450
25 2400 8905 3494 3928 8434 4550 8131 4027 4586 6171 3844 5368 6720 9196 4966 3373 1232 3551 6261 2764 3998 3092 7920 8534 2758
25 6692 3269 1325 8716 1593 6716 4385 8592 2603 642 5841 8489 3569 4201 3048 4082 8455 1955 7155 8334 9245 4754 4537 7772 6095
25 738 3086 6793 203 9579 289 2292 3730 6607 188 1755 7712 3754 1732 5294 686 3444 8104 5106 765 7587 4502 6570 1931 8407
25 1209 7239 8343 6801 7678 3536 5687 5875 4421 1832 6512 3881 3161 3592 769 6770 7533 6093 7980 1780 9675 2099 6536 243 3547
25 8672 8374 8676 9677 4386 2736 1186 743 1939 2771 4048 4952 8496 9529 419 3622 4392 5057 9117 4582 94 1620 6738 8037 4236
25 9028 6627 2247 4985 1225 8213 280 809 7928 2093 6707 6513 833 9948 5735 1339 2255 7124 4453 6370 3219 1052 6857 5709 8983
25 3555 4566 680 1064 7464 7929 6199 5389 9396 6598 9808 758 8198 2154 2710 1424 8311 7144 4193 1056 8678 2828 1414 317 5483
25 4802 2965 1171 9176 1887 6050 9014 8060 8322 5417 5588 6929 5478 6372 6222 300 8230 7310 4039 465 9246 709 3781 3882 6240
25 9437 842 8671 5514 5639 8842 9340 699 7873 2009 6481 7230 4344 9476 1500 4208 3085 7457 8737 1761 8616 5611 9261 3255 82
25 2056 4237 8485 8742 3014 7595 2568 7074 3383 156 6659 9611 9181 4847 6677 9147 9719 2798 3078 9819 659 2604 3238 9247 4436
25 2768 1343 6177 5559 136 1488 2723 7134 9662 6661 3484 6742 6823 1642 6272 4750 8675 3295 3024 7697 6954 9898 3543 483 9167
25 6863 1041 9234 3757 1954 1436 1793 6141 7942 352 6617 222 7004 780 3903 3649 1852 5899 1915 7744 9527 5310 5499 5527 5290
25 7020 5688 617 3094 3456 793 5078 4221 2294 4225 3653 4946 880 3064 541 1218 8249 6737 7309 9243 1821 5696 1857 9881 9058
25 7496 645 9177 2163 3647 1 2554 6860 7740 8549 4058 6248 2246 3792 8851 6827 3055 1845 3499 2733 4234 3007 7845 4999 8221
25 2594 1301 6371 5890 7915 112 3351 5549 4820 3751 7997 6911 8997 3034 9829 3362 6831 9381 4147 5363 9899 4724 6916 2992 8581
25 6227 4473 1681 1792 2980 1995 2212 8478 9034 2213 4319 3251 993 2830 5610 2637 8415 8976 8359 6963 2424 3932 9845 7663 513
25 397 3104 8477 1784 2453 9757 8175 106 9620 9653 6836 7542 5787 5682 5240 7109 7031 1505 8155 1973 8948 8436 6013 2171 7085
25 4987 294 9612 2338 1075 7650 6664 4443 8535 1375 7136 3115 3166 2747 7736 5551 1629 4657 6765 4177 3839 6872 5375 9570 4489
25 900 7086 157 1633 1123 2326 6711 7311 1503 9278 1524 9633 1140 2207 3158 5851 2465 2578 2101 6019 4423 7412 7753 6589 7263
25 2698 1362 1468 2743 3524 6706 6029 1137 1151 3068 6005 6972 9212 6700 3051 3646 2160 1808 3488 5469 5360 1350 6674 1478 3613
25 634 4306 2327 5392 2444 2310 3408 9952 6981 6389 3742 4351 2222 5657 5503 8466 8460 7789 6482 1607 1031 1460 3462 5955 5712
25 962 1265 1426 8284 8335 8990 4354 4448 774 4659 6885 7301 8660 8128 3732 8988 2037 182 7743 7905 9001 6473 5725 297 8130
25 4869 6428 4321 2330 1470 7672 2958 1046 583 1023 8330 6230 6596 5847 6408 9394 9891 8650 2086 7717 1349 8728 126 6447 5278
25 6907 3708 3338 2989 5154 8623 4389 9251 8199 7722 3056 9869 1408 1597 9458 8979 4807 5919 5877 3136 5644 6096 6957 540 46
25 5658 950 5858 9130 1977 3785 8771 8530 4936 9997 3678 265 2684 6663 9218 9441 5776 8114 18 2419 9807 3558 3684 3609 5248
25 559 3164 5601 9775 9446 6461 5620 4740 8488 767 2507 8323 9466 7211 3130 4381 9338 1242 4706 6655 5893 3941 7467 5870 8999
25 1624 5711 101 5936 6057 304 312 6045 3369 4630 9837 9057 2307 3132 3501 1376 7933 4349 6915 6579 4545 4526 4121 7044 6142
25 5393 293 8710 3846 650 6534 2951 5008 6291 6489 8705 3950 6567 2652 766 7046 2015 6391 1446 224 4251 2230 2410 1462 1987
25 6564 7042 2688 9812 8666 5766 2623 6973 2802 3045 4034 6277 9801 7625 261 3105 8461 9277 1971 3315 1287 5811 1296 9335 588
25 8432 3640 9581 5236 2439 7821 1302 819 6309 6329 2673 9256 895 1502 1727 4962 422 7009 9794 5083 6423 1605 2920 5921 6945
25 5159 4895 2774 2722 501 9036 5980 9372 884 8748 865 1513 8153 3339 7342 7651 9739 4495 3188 1434 2191 2789 7896 3943 6278
25 2352 4689 7100 3891 7644 987 9541 2214 4995 4682 1321 305 1070 1538 517 5247 361 4317 7405 8886 1485 9655 2668 9182 5848
25 4789 5991 7940 1945 2155 9481 4533 6585 3103 105 8035 3118 8381 2494 5915 4806 7906 9712 301 5646 2548 4271 1683 6829 1649
25 4845 8021 1213 2856 9664 2469 5229 1718 5396 8086 9916 8278 7500 8783 6056 1765 1579 516 9300 4671 1047 7008 8507 3618 9737
25 9844 1255 9949 6795 5613 4617 5532 4092 6651 3167 5501 3884 2613 8880 4592 5964 6540 876 9499 1170 43 9887 4918 2803 6415
25 5434 3817 5491 4118 1421 4465 6306 9412 5759 705 7811 911 8898 7908 4149 9684 7515 5969 2425 2460 9129 3720 8811 5818 7838
